{
  "RSpec": {
    "coverage": {
      "/Users/savanna/projects/oystercard/spec/oystercard_spec.rb": {
        "lines": [
          1,
          null,
          1,
          9,
          6,
          2,
          null,
          1,
          1,
          1,
          null,
          1,
          1,
          null,
          null,
          null,
          1,
          1,
          1,
          null,
          1,
          1,
          2,
          null,
          null,
          null,
          1,
          1,
          1,
          null,
          1,
          1,
          1,
          1,
          null,
          1,
          1,
          1,
          1,
          1,
          null,
          null,
          null,
          1,
          1,
          2,
          null,
          1,
          1,
          1,
          1,
          null,
          null,
          null,
          1,
          1,
          1,
          null,
          1,
          1,
          1,
          4,
          null,
          1,
          1,
          1,
          1,
          1,
          null,
          1,
          1,
          1,
          1,
          1,
          null,
          1,
          1,
          1,
          1,
          1,
          null,
          null,
          null,
          null
        ]
      },
      "/Users/savanna/projects/oystercard/lib/oystercard.rb": {
        "lines": [
          1,
          null,
          1,
          1,
          1,
          null,
          1,
          14,
          14,
          14,
          14,
          null,
          null,
          1,
          10,
          null,
          9,
          null,
          null,
          1,
          8,
          null,
          7,
          null,
          null,
          1,
          5,
          5,
          5,
          5,
          null,
          null,
          1,
          3,
          null,
          null,
          1,
          null,
          1,
          8,
          null,
          null,
          1,
          10,
          null,
          null,
          1,
          5,
          null,
          null,
          1,
          5,
          null,
          null,
          null
        ]
      },
      "/Users/savanna/projects/oystercard/spec/station_spec.rb": {
        "lines": [
          1,
          null,
          1,
          3,
          1,
          1,
          1,
          null,
          1,
          1,
          null,
          null,
          null
        ]
      },
      "/Users/savanna/projects/oystercard/lib/station.rb": {
        "lines": [
          1,
          null,
          1,
          1,
          2,
          2,
          null,
          null,
          null
        ]
      }
    },
    "timestamp": 1604701580
  }
}
